app/build/outputs/mapping/release/seeds.txt
com.mingnong.scanappnew.MyApplication
com.mingnong.scanappnew.MyApplication: MyApplication()
com.mingnong.scanappnew.R$anim: int abc_fade_in
com.mingnong.scanappnew.R$anim: int abc_fade_out
com.mingnong.scanappnew.R$anim: int abc_grow_fade_in_from_bottom
com.mingnong.scanappnew.R$anim: int abc_popup_enter
com.mingnong.scanappnew.R$anim: int abc_popup_exit
com.mingnong.scanappnew.R$anim: int abc_shrink_fade_out_from_bottom
com.mingnong.scanappnew.R$anim: int abc_slide_in_bottom
com.mingnong.scanappnew.R$anim: int abc_slide_in_top
com.mingnong.scanappnew.R$anim: int abc_slide_out_bottom
com.mingnong.scanappnew.R$anim: int abc_slide_out_top
com.mingnong.scanappnew.R$anim: int design_appbar_state_list_animator
com.mingnong.scanappnew.R$anim: int design_bottom_sheet_slide_in
com.mingnong.scanappnew.R$anim: int design_bottom_sheet_slide_out
com.mingnong.scanappnew.R$anim: int design_fab_in
com.mingnong.scanappnew.R$anim: int design_fab_out
com.mingnong.scanappnew.R$anim: int design_snackbar_in
com.mingnong.scanappnew.R$anim: int design_snackbar_out
com.mingnong.scanappnew.R$anim: int fade_in
com.mingnong.scanappnew.R$anim: int fade_out
com.mingnong.scanappnew.R$anim: int push_left_in
com.mingnong.scanappnew.R$anim: int push_left_out
com.mingnong.scanappnew.R$anim: int push_right_in
com.mingnong.scanappnew.R$anim: int push_right_out
com.mingnong.scanappnew.R$attr: int SwipeBackLayoutStyle
com.mingnong.scanappnew.R$attr: int actionBarDivider
com.mingnong.scanappnew.R$attr: int actionBarItemBackground
com.mingnong.scanappnew.R$attr: int actionBarPopupTheme
com.mingnong.scanappnew.R$attr: int actionBarSize
com.mingnong.scanappnew.R$attr: int actionBarSplitStyle
com.mingnong.scanappnew.R$attr: int actionBarStyle
com.mingnong.scanappnew.R$attr: int actionBarTabBarStyle
com.mingnong.scanappnew.R$attr: int actionBarTabStyle
com.mingnong.scanappnew.R$attr: int actionBarTabTextStyle
com.mingnong.scanappnew.R$attr: int actionBarTheme
com.mingnong.scanappnew.R$attr: int actionBarWidgetTheme
com.mingnong.scanappnew.R$attr: int actionButtonStyle
com.mingnong.scanappnew.R$attr: int actionDropDownStyle
com.mingnong.scanappnew.R$attr: int actionLayout
com.mingnong.scanappnew.R$attr: int actionMenuTextAppearance
com.mingnong.scanappnew.R$attr: int actionMenuTextColor
com.mingnong.scanappnew.R$attr: int actionModeBackground
com.mingnong.scanappnew.R$attr: int actionModeCloseButtonStyle
com.mingnong.scanappnew.R$attr: int actionModeCloseDrawable
com.mingnong.scanappnew.R$attr: int actionModeCopyDrawable
com.mingnong.scanappnew.R$attr: int actionModeCutDrawable
com.mingnong.scanappnew.R$attr: int actionModeFindDrawable
com.mingnong.scanappnew.R$attr: int actionModePasteDrawable
com.mingnong.scanappnew.R$attr: int actionModePopupWindowStyle
com.mingnong.scanappnew.R$attr: int actionModeSelectAllDrawable
com.mingnong.scanappnew.R$bool: int abc_action_bar_embed_tabs
com.mingnong.scanappnew.R$bool: int abc_allow_stacked_button_bar
com.mingnong.scanappnew.R$bool: int abc_config_actionMenuItemAllCaps
com.mingnong.scanappnew.R$bool: int abc_config_closeDialogWhenTouchOutside
com.mingnong.scanappnew.R$bool: int abc_config_showMenuShortcutsWhenKeyboardPresent
...
com.google.gson.internal.bind.TypeAdapters$17
com.google.gson.internal.bind.TypeAdapters$17: TypeAdapters$17()
com.google.gson.internal.bind.TypeAdapters$17: java.math.BigDecimal read(com.google.gson.stream.JsonReader)
com.google.gson.internal.bind.TypeAdapters$17: void write(com.google.gson.stream.JsonWriter,java.math.BigDecimal)
com.google.gson.internal.bind.TypeAdapters$17: java.lang.Object read(com.google.gson.stream.JsonReader)
com.google.gson.internal.bind.TypeAdapters$17: void write(com.google.gson.stream.JsonWriter,java.lang.Object)
com.google.gson.internal.bind.TypeAdapters$18
com.google.gson.internal.bind.TypeAdapters$18: TypeAdapters$18()
com.google.gson.internal.bind.TypeAdapters$18: java.math.BigInteger read(com.google.gson.stream.JsonReader)
com.google.gson.internal.bind.TypeAdapters$18: void write(com.google.gson.stream.JsonWriter,java.math.BigInteger)
com.google.gson.internal.bind.TypeAdapters$18: java.lang.Object read(com.google.gson.stream.JsonReader)
com.google.gson.internal.bind.TypeAdapters$18: void write(com.google.gson.stream.JsonWriter,java.lang.Object)
com.google.gson.internal.bind.TypeAdapters$19
com.google.gson.internal.bind.TypeAdapters$19: TypeAdapters$19()
com.google.gson.internal.bind.TypeAdapters$19: java.lang.StringBuilder read(com.google.gson.stream.JsonReader)
com.google.gson.internal.bind.TypeAdapters$19: void write(com.google.gson.stream.JsonWriter,java.lang.StringBuilder)
com.google.gson.internal.bind.TypeAdapters$19: java.lang.Object read(com.google.gson.stream.JsonReader)
com.google.gson.internal.bind.TypeAdapters$19: void write(com.google.gson.stream.JsonWriter,java.lang.Object)
com.google.gson.internal.bind.TypeAdapters$2
com.google.gson.internal.bind.TypeAdapters$2: TypeAdapters$2()
com.google.gson.internal.bind.TypeAdapters$2: java.util.BitSet read(com.google.gson.stream.JsonReader)
com.google.gson.internal.bind.TypeAdapters$2: void write(com.google.gson.stream.JsonWriter,java.util.BitSet)
com.google.gson.internal.bind.TypeAdapters$2: java.lang.Object read(com.google.gson.stream.JsonReader)
com.google.gson.internal.bind.TypeAdapters$2: void write(com.google.gson.stream.JsonWriter,java.lang.Object)
com.google.gson.internal.bind.TypeAdapters$20
com.google.gson.internal.bind.TypeAdapters$20: TypeAdapters$20()
com.google.gson.internal.bind.TypeAdapters$20: java.lang.StringBuffer read(com.google.gson.stream.JsonReader)
com.google.gson.internal.bind.TypeAdapters$20: void write(com.google.gson.stream.JsonWriter,java.lang.StringBuffer)
com.google.gson.internal.bind.TypeAdapters$20: java.lang.Object read(com.google.gson.stream.JsonReader)
com.google.gson.internal.bind.TypeAdapters$20: void write(com.google.gson.stream.JsonWriter,java.lang.Object)
com.google.gson.internal.bind.TypeAdapters$21
com.google.gson.internal.bind.TypeAdapters$21: TypeAdapters$21()
com.google.gson.internal.bind.TypeAdapters$21: java.net.URL read(com.google.gson.stream.JsonReader)
com.google.gson.internal.bind.TypeAdapters$21: void write(com.google.gson.stream.JsonWriter,java.net.URL)
com.google.gson.internal.bind.TypeAdapters$21: java.lang.Object read(com.google.gson.stream.JsonReader)
com.google.gson.internal.bind.TypeAdapters$21: void write(com.google.gson.stream.JsonWriter,java.lang.Object)
com.google.gson.internal.bind.TypeAdapters$22
com.google.gson.internal.bind.TypeAdapters$22: TypeAdapters$22()
com.google.gson.internal.bind.TypeAdapters$22: java.net.URI read(com.google.gson.stream.JsonReader)
com.google.gson.internal.bind.TypeAdapters$22: void write(com.google.gson.stream.JsonWriter,java.net.URI)
com.google.gson.internal.bind.TypeAdapters$22: java.lang.Object read(com.google.gson.stream.JsonReader)
com.google.gson.internal.bind.TypeAdapters$22: void write(com.google.gson.stream.JsonWriter,java.lang.Object)