app/build/outputs/mapping/release/mapping.txt
com.mingnong.scanappnew.MyApplication -> com.mingnong.scanappnew.MyApplication:
    android.content.Context mContext -> a
    void <init>() -> <init>
    void onCreate() -> onCreate
    android.content.Context getContext() -> a
com.mingnong.scanappnew.activity.FileDetilActivity -> com.mingnong.scanappnew.activity.FileDetilActivity:
    android.support.v7.widget.RecyclerView mRecyclerView -> n
    android.support.v7.widget.LinearLayoutManager manager -> o
    void <init>() -> <init>
    void onCreate(android.os.Bundle) -> onCreate
    java.util.List readAndParseInput(java.lang.String) -> a
    java.util.List readAndParseOutput(java.lang.String) -> b
    java.lang.String getJsonString(java.io.File) -> a
com.mingnong.scanappnew.activity.FileDetilActivity$1 -> com.mingnong.scanappnew.activity.FileDetilActivity$1:
    com.mingnong.scanappnew.activity.FileDetilActivity this$0 -> a
    void <init>(com.mingnong.scanappnew.activity.FileDetilActivity) -> <init>
    void onClick(android.view.View) -> onClick
com.mingnong.scanappnew.activity.FileDetilActivity$2 -> com.mingnong.scanappnew.activity.FileDetilActivity$2:
    com.mingnong.scanappnew.activity.FileDetilActivity this$0 -> a
    void <init>(com.mingnong.scanappnew.activity.FileDetilActivity) -> <init>
com.mingnong.scanappnew.activity.FileDetilActivity$3 -> com.mingnong.scanappnew.activity.FileDetilActivity$3:
    com.mingnong.scanappnew.activity.FileDetilActivity this$0 -> a
    void <init>(com.mingnong.scanappnew.activity.FileDetilActivity) -> <init>
com.mingnong.scanappnew.activity.FileScanFragment -> com.mingnong.scanappnew.activity.a:
    android.support.v7.widget.RecyclerView mRecyclerView -> a
    com.mingnong.scanappnew.adapter.FileScanAdapter adapter -> b
    android.widget.RelativeLayout rlNone -> c
    android.widget.Button btSelectAll -> d
    android.widget.Button btUpload -> e
    android.widget.Button btDelete -> f
    android.app.ProgressDialog dialog -> g
    android.os.Handler uploadHandler -> h
    void <init>() -> <init>
    android.view.View onCreateView(android.view.LayoutInflater,android.view.ViewGroup,android.os.Bundle) -> a
    void onViewCreated(android.view.View,android.os.Bundle) -> a
    void bindData() -> a
    void bindListener() -> b
    void findViews(android.view.View) -> a
    void onResume() -> r
    void onHiddenChanged(boolean) -> b
    void setAdapterData() -> O
    void onClick(android.view.View) -> onClick
    int getDeletePosition(int) -> a
    void uploadItem(int) -> b
    java.lang.String getJsonString(java.io.File) -> a
    com.mingnong.scanappnew.adapter.FileScanAdapter access$000(com.mingnong.scanappnew.activity.FileScanFragment) -> a
    android.widget.RelativeLayout access$100(com.mingnong.scanappnew.activity.FileScanFragment) -> b
    int access$200(com.mingnong.scanappnew.activity.FileScanFragment,int) -> a
    void access$300(com.mingnong.scanappnew.activity.FileScanFragment,int) -> b
com.mingnong.scanappnew.activity.FileScanFragment$1 -> com.mingnong.scanappnew.activity.a$1:
    com.mingnong.scanappnew.activity.FileScanFragment this$0 -> a
    void <init>(com.mingnong.scanappnew.activity.FileScanFragment) -> <init>
    void onItemClicked(android.support.v7.widget.RecyclerView,int,android.view.View) -> a
com.mingnong.scanappnew.activity.FileScanFragment$2 -> com.mingnong.scanappnew.activity.a$2:
    com.mingnong.scanappnew.activity.FileScanFragment this$0 -> a
    void <init>(com.mingnong.scanappnew.activity.FileScanFragment) -> <init>
    void run() -> run
com.mingnong.scanappnew.activity.FileScanFragment$2$1 -> com.mingnong.scanappnew.activity.a$2$1:
    java.util.List val$mDatas -> a
    com.mingnong.scanappnew.activity.FileScanFragment$2 this$1 -> b
    void <init>(com.mingnong.scanappnew.activity.FileScanFragment$2,java.util.List) -> <init>
    void run() -> run
...
android.support.v4.view.AccessibilityDelegateCompat$AccessibilityDelegateJellyBeanImpl$1 -> android.support.v4.h.b$c$1:
    android.support.v4.view.AccessibilityDelegateCompat val$compat -> a
    android.support.v4.view.AccessibilityDelegateCompat$AccessibilityDelegateJellyBeanImpl this$0 -> b
    void <init>(android.support.v4.view.AccessibilityDelegateCompat$AccessibilityDelegateJellyBeanImpl,android.support.v4.view.AccessibilityDelegateCompat) -> <init>
    boolean dispatchPopulateAccessibilityEvent(android.view.View,android.view.accessibility.AccessibilityEvent) -> a
    void onInitializeAccessibilityEvent(android.view.View,android.view.accessibility.AccessibilityEvent) -> b
    void onInitializeAccessibilityNodeInfo(android.view.View,java.lang.Object) -> a
    void onPopulateAccessibilityEvent(android.view.View,android.view.accessibility.AccessibilityEvent) -> c
    boolean onRequestSendAccessibilityEvent(android.view.ViewGroup,android.view.View,android.view.accessibility.AccessibilityEvent) -> a
    void sendAccessibilityEvent(android.view.View,int) -> a
    void sendAccessibilityEventUnchecked(android.view.View,android.view.accessibility.AccessibilityEvent) -> d
    java.lang.Object getAccessibilityNodeProvider(android.view.View) -> a
    boolean performAccessibilityAction(android.view.View,int,android.os.Bundle) -> a
android.support.v4.view.AccessibilityDelegateCompat$AccessibilityDelegateStubImpl -> android.support.v4.h.b$d:
    void <init>() -> <init>
    java.lang.Object newAccessiblityDelegateDefaultImpl() -> a
    java.lang.Object newAccessiblityDelegateBridge(android.support.v4.view.AccessibilityDelegateCompat) -> a
    boolean dispatchPopulateAccessibilityEvent(java.lang.Object,android.view.View,android.view.accessibility.AccessibilityEvent) -> a
    void onInitializeAccessibilityEvent(java.lang.Object,android.view.View,android.view.accessibility.AccessibilityEvent) -> b
    void onInitializeAccessibilityNodeInfo(java.lang.Object,android.view.View,android.support.v4.view.accessibility.AccessibilityNodeInfoCompat) -> a
    void onPopulateAccessibilityEvent(java.lang.Object,android.view.View,android.view.accessibility.AccessibilityEvent) -> c
    boolean onRequestSendAccessibilityEvent(java.lang.Object,android.view.ViewGroup,android.view.View,android.view.accessibility.AccessibilityEvent) -> a
    void sendAccessibilityEvent(java.lang.Object,android.view.View,int) -> a
    void sendAccessibilityEventUnchecked(java.lang.Object,android.view.View,android.view.accessibility.AccessibilityEvent) -> d
    android.support.v4.view.accessibility.AccessibilityNodeProviderCompat getAccessibilityNodeProvider(java.lang.Object,android.view.View) -> a
    boolean performAccessibilityAction(java.lang.Object,android.view.View,int,android.os.Bundle) -> a
android.support.v4.view.AccessibilityDelegateCompatIcs -> android.support.v4.h.c:
    java.lang.Object newAccessibilityDelegateDefaultImpl() -> a
    java.lang.Object newAccessibilityDelegateBridge(android.support.v4.view.AccessibilityDelegateCompatIcs$AccessibilityDelegateBridge) -> a
    boolean dispatchPopulateAccessibilityEvent(java.lang.Object,android.view.View,android.view.accessibility.AccessibilityEvent) -> a
    void onInitializeAccessibilityEvent(java.lang.Object,android.view.View,android.view.accessibility.AccessibilityEvent) -> b
    void onInitializeAccessibilityNodeInfo(java.lang.Object,android.view.View,java.lang.Object) -> a
    void onPopulateAccessibilityEvent(java.lang.Object,android.view.View,android.view.accessibility.AccessibilityEvent) -> c
    boolean onRequestSendAccessibilityEvent(java.lang.Object,android.view.ViewGroup,android.view.View,android.view.accessibility.AccessibilityEvent) -> a
    void sendAccessibilityEvent(java.lang.Object,android.view.View,int) -> a
    void sendAccessibilityEventUnchecked(java.lang.Object,android.view.View,android.view.accessibility.AccessibilityEvent) -> d