app/build/outputs/mapping/release/usage.txt
com.mingnong.scanappnew.BuildConfig
com.mingnong.scanappnew.Contance
com.mingnong.scanappnew.R
com.mingnong.scanappnew.R$anim
com.mingnong.scanappnew.R$attr
com.mingnong.scanappnew.R$bool
com.mingnong.scanappnew.R$color
com.mingnong.scanappnew.R$dimen
com.mingnong.scanappnew.R$drawable
com.mingnong.scanappnew.R$id
com.mingnong.scanappnew.R$integer
com.mingnong.scanappnew.R$layout
com.mingnong.scanappnew.R$menu
com.mingnong.scanappnew.R$mipmap
com.mingnong.scanappnew.R$raw
com.mingnong.scanappnew.R$string
com.mingnong.scanappnew.R$style
com.mingnong.scanappnew.R$styleable
com.mingnong.scanappnew.R$xml
com.mingnong.scanappnew.activity.FileScanFragment:
    private static final int UPLOAD_ITEM_SUCCESS
com.mingnong.scanappnew.activity.LoginActivity:
    public static final int TASK_APK
com.mingnong.scanappnew.activity.MainActivity:
    public static final java.lang.String SCN_CUST_ACTION_SCODE
    public static final java.lang.String SCN_CUST_EX_SCODE
    private static final int INPUT
    private static final int OUTPUT
com.mingnong.scanappnew.activity.SwipeBackActivity:
    60:61:public void setSwipeBackEnable(boolean)
    65:67:public void scrollToFinishActivity()
com.mingnong.scanappnew.adapter.ScanInputAdapter:
    37:43:public void setDatas(java.util.List)
com.mingnong.scanappnew.adapter.ScanOutputAdapter:
    39:45:public void setDatas(java.util.List)
com.mingnong.scanappnew.dialog.DownloadDialog:
    15:16:public void setRetryVisivible(int)
    23:24:public DownloadDialog(android.content.Context,int)
com.mingnong.scanappnew.dialog.DownloadDialog$Builder:
    47:48:public com.mingnong.scanappnew.dialog.DownloadDialog$Builder OnClickListener(android.content.DialogInterface$OnClickListener)
    51:52:public com.mingnong.scanappnew.dialog.DownloadDialog$Builder setMessage(java.lang.String)
com.mingnong.scanappnew.dialog.DownloadDialog$Params:
    private android.content.DialogInterface$OnClickListener retryListener
    26:26:static synthetic android.content.DialogInterface$OnClickListener access$102(com.mingnong.scanappnew.dialog.DownloadDialog$Params,android.content.DialogInterface$OnClickListener)
    26:26:static synthetic java.lang.String access$202(com.mingnong.scanappnew.dialog.DownloadDialog$Params,java.lang.String)
com.mingnong.scanappnew.dialog.InputDialog:
    769:769:private int length(android.widget.EditText)
com.mingnong.scanappnew.dialog.OutputDialog:
    117:134:public void show(com.mingnong.scanappnew.bean.ScanOutputBean)
com.mingnong.scanappnew.net.downapk.DownService:
    public static final java.lang.String ADD_DOWNTASK
    public static final java.lang.String RETRY_DOWNTASK
    public static final java.lang.String UPDATE_DOWNSTAUS
    public static final java.lang.String UPDATE_COMPLETE
    public static final java.lang.String TASK_STARTDOWN
    public static final java.lang.String TASKS_CHANGED
    public static final java.lang.String TASKS_ERROR
    public static final java.lang.String PACKAGE
    private boolean isError
com.mingnong.scanappnew.net.downapk.DownService$DownloadTaskListener:
    public static final int DOWNLOAD_ERROR_FILE_NOT_FOUND
    public static final int DOWNLOAD_ERROR_IO_ERROR
com.mingnong.scanappnew.net.downapk.DownloadReceiver
com.mingnong.scanappnew.net.downapk.DownloadStatus
com.mingnong.scanappnew.net.downapk.DownloadTask:
    200:202:public void setDownloadListener(com.mingnong.scanappnew.net.downapk.DownService$DownloadTaskListener)
    209:210:public void setSaveDirPath(java.lang.String)
    217:218:public void setFileName(java.lang.String)
    233:234:public void setId(java.lang.String)
com.mingnong.scanappnew.utils.AnimatorUtil:
    12:12:public AnimatorUtil()
com.mingnong.scanappnew.utils.AppUtils:
    17:17:public AppUtils()
    41:57:public static java.lang.String getMobileInfo()
    68:75:public static int getAppVersionCode(android.content.Context,java.lang.String)
...
android.support.v4.media.MediaBrowserServiceCompatApi23
android.support.v4.media.MediaBrowserServiceCompatApi23$MediaBrowserServiceAdaptor
android.support.v4.media.MediaBrowserServiceCompatApi23$ServiceCompatProxy
android.support.v4.media.MediaBrowserServiceCompatApi24
android.support.v4.media.MediaBrowserServiceCompatApi24$MediaBrowserServiceAdaptor
android.support.v4.media.MediaBrowserServiceCompatApi24$ResultWrapper
android.support.v4.media.MediaBrowserServiceCompatApi24$ServiceCompatProxy
android.support.v4.media.MediaDescriptionCompat
android.support.v4.media.MediaDescriptionCompat$1
android.support.v4.media.MediaDescriptionCompat$Builder
android.support.v4.media.MediaDescriptionCompatApi21
android.support.v4.media.MediaDescriptionCompatApi21$Builder
android.support.v4.media.MediaDescriptionCompatApi23
android.support.v4.media.MediaDescriptionCompatApi23$Builder
android.support.v4.media.MediaMetadataCompat
android.support.v4.media.MediaMetadataCompat$1
android.support.v4.media.MediaMetadataCompat$BitmapKey
android.support.v4.media.MediaMetadataCompat$Builder
android.support.v4.media.MediaMetadataCompat$LongKey
android.support.v4.media.MediaMetadataCompat$RatingKey
android.support.v4.media.MediaMetadataCompat$TextKey
android.support.v4.media.MediaMetadataCompatApi21
android.support.v4.media.MediaMetadataCompatApi21$Builder
android.support.v4.media.ParceledListSliceAdapterApi21
android.support.v4.media.RatingCompat
android.support.v4.media.RatingCompat$1
android.support.v4.media.RatingCompat$StarStyle
android.support.v4.media.RatingCompat$Style
android.support.v4.media.RatingCompatKitkat
android.support.v4.media.TransportController
android.support.v4.media.TransportMediator
android.support.v4.media.TransportMediator$1
android.support.v4.media.TransportMediator$2
android.support.v4.media.TransportMediatorCallback
android.support.v4.media.TransportMediatorJellybeanMR2
android.support.v4.media.TransportMediatorJellybeanMR2$1
android.support.v4.media.TransportMediatorJellybeanMR2$2
android.support.v4.media.TransportMediatorJellybeanMR2$3
android.support.v4.media.TransportMediatorJellybeanMR2$4
android.support.v4.media.TransportMediatorJellybeanMR2$5
android.support.v4.media.TransportMediatorJellybeanMR2$6
android.support.v4.media.TransportPerformer
android.support.v4.media.TransportStateListener
android.support.v4.media.VolumeProviderCompat
android.support.v4.media.VolumeProviderCompat$1
android.support.v4.media.VolumeProviderCompat$Callback
android.support.v4.media.VolumeProviderCompat$ControlType
android.support.v4.media.VolumeProviderCompatApi21
android.support.v4.media.VolumeProviderCompatApi21$1
android.support.v4.media.VolumeProviderCompatApi21$Delegate
android.support.v4.media.session.IMediaControllerCallback
android.support.v4.media.session.IMediaControllerCallback$Stub
android.support.v4.media.session.IMediaControllerCallback$Stub$Proxy
android.support.v4.media.session.IMediaSession
android.support.v4.media.session.IMediaSession$Stub
android.support.v4.media.session.IMediaSession$Stub$Proxy
android.support.v4.media.session.MediaButtonReceiver
android.support.v4.media.session.MediaControllerCompat
android.support.v4.media.session.MediaControllerCompat$Callback
android.support.v4.media.session.MediaControllerCompat$Callback$MessageHandler
android.support.v4.media.session.MediaControllerCompat$Callback$StubApi21
android.support.v4.media.session.MediaControllerCompat$Callback$StubCompat
android.support.v4.media.session.MediaControllerCompat$MediaControllerImpl
android.support.v4.media.session.MediaControllerCompat$MediaControllerImplApi21
android.support.v4.media.session.MediaControllerCompat$MediaControllerImplApi23
android.support.v4.media.session.MediaControllerCompat$MediaControllerImplApi24
android.support.v4.media.session.MediaControllerCompat$MediaControllerImplBase
android.support.v4.media.session.MediaControllerCompat$PlaybackInfo
android.support.v4.media.session.MediaControllerCompat$TransportControls